app/build/intermediates/manifest_merge_blame_file/debug/manifest-merger-blame-debug-report.txt
1<?xml version="1.0" encoding="utf-8"?>
2<manifest xmlns:android="http://schemas.android.com/apk/res/android"
3    package="com.example.diaryapp"
4    android:versionCode="1"
5    android:versionName="1.0" >
6
7    <uses-sdk
8        android:minSdkVersion="21"
8-->src\main\AndroidManifest.xml
9        android:targetSdkVersion="32" />
9-->src\main\AndroidManifest.xml
10
11    <uses-permission android:name="android.permission.INTERNET" />
11-->[com.firebaseui:firebase-ui-firestore:8.0.0] AndroidManifest.xml:9:5-67
11-->[com.firebaseui:firebase-ui-firestore:8.0.0] AndroidManifest.xml:9:22-64
12    <uses-permission android:name="android.permission.ACCESS_NETWORK_STATE" />
12-->[com.google.firebase:firebase-auth:21.0.1] AndroidManifest.xml:24:5-79
12-->[com.google.firebase:firebase-auth:21.0.1] AndroidManifest.xml:24:22-76
13
14    <application
14-->src\main\AndroidManifest.xml:5:5-42:19
15        android:allowBackup="true"
15-->src\main\AndroidManifest.xml:6:9-35
16        android:appComponentFactory="androidx.core.app.CoreComponentFactory"
16-->[androidx.core:core:1.7.0] AndroidManifest.xml:24:18-86
17        android:debuggable="true"
18        android:icon="@mipmap/ic_launcher"
18-->src\main\AndroidManifest.xml:7:9-43
19        android:label="@string/app_name"
19-->src\main\AndroidManifest.xml:8:9-41
20        android:roundIcon="@mipmap/ic_launcher_round"
20-->src\main\AndroidManifest.xml:9:9-54
21        android:supportsRtl="true"
21-->src\main\AndroidManifest.xml:10:9-35
22        android:testOnly="true"
23        android:theme="@style/Theme.EDiary" >
23-->src\main\AndroidManifest.xml:11:9-44
24        <activity
24-->src\main\AndroidManifest.xml:12:9-15:74
25            android:name="com.example.diaryapp.notedetails"
25-->src\main\AndroidManifest.xml:13:13-40
26            android:exported="false"
26-->src\main\AndroidManifest.xml:14:13-37
27            android:theme="@style/Theme.AppCompat.DayNight.NoActionBar" />
27-->src\main\AndroidManifest.xml:15:13-72
28        <activity
28-->src\main\AndroidManifest.xml:16:9-19:74
29            android:name="com.example.diaryapp.editnoteactivity"
29-->src\main\AndroidManifest.xml:17:13-45
30            android:exported="false"
30-->src\main\AndroidManifest.xml:18:13-37
31            android:theme="@style/Theme.AppCompat.DayNight.NoActionBar" />
31-->src\main\AndroidManifest.xml:19:13-72
32        <activity
32-->src\main\AndroidManifest.xml:20:9-23:75
33            android:name="com.example.diaryapp.createnote"
33-->src\main\AndroidManifest.xml:21:13-39
34            android:exported="false"
34-->src\main\AndroidManifest.xml:22:13-37
35            android:theme="@style/Theme.AppCompat.DayNight.NoActionBar" />
35-->src\main\AndroidManifest.xml:23:13-72
36        <activity
36-->src\main\AndroidManifest.xml:24:9-26:40
37            android:name="com.example.diaryapp.notesActivity"
37-->src\main\AndroidManifest.xml:25:13-42
38            android:exported="false" />
38-->src\main\AndroidManifest.xml:26:13-37
39        <activity
39-->src\main\AndroidManifest.xml:27:9-29:40
40            android:name="com.example.diaryapp.forgotpassword"
40-->src\main\AndroidManifest.xml:28:13-43
41            android:exported="false" />
41-->src\main\AndroidManifest.xml:29:13-37
42        <activity
42-->src\main\AndroidManifest.xml:30:9-32:40
43            android:name="com.example.diaryapp.signup"
43-->src\main\AndroidManifest.xml:31:13-35
44            android:exported="false" />
44-->src\main\AndroidManifest.xml:32:13-37
45        <activity
45-->src\main\AndroidManifest.xml:33:9-41:20
46            android:name="com.example.diaryapp.MainActivity"
46-->src\main\AndroidManifest.xml:34:13-41
47            android:exported="true" >
47-->src\main\AndroidManifest.xml:35:13-36
48            <intent-filter>
48-->src\main\AndroidManifest.xml:36:13-40:29
49                <action android:name="android.intent.action.MAIN" />
49-->src\main\AndroidManifest.xml:37:17-69
49-->src\main\AndroidManifest.xml:37:25-66
50
51                <category android:name="android.intent.category.LAUNCHER" />
51-->src\main\AndroidManifest.xml:39:17-77
51-->src\main\AndroidManifest.xml:39:27-74
52            </intent-filter>
53        </activity>
54        <activity
54-->[com.google.firebase:firebase-auth:21.0.1] AndroidManifest.xml:27:9-44:20
55            android:name="com.google.firebase.auth.internal.GenericIdpActivity"
55-->[com.google.firebase:firebase-auth:21.0.1] AndroidManifest.xml:28:13-80
56            android:excludeFromRecents="true"
56-->[com.google.firebase:firebase-auth:21.0.1] AndroidManifest.xml:29:13-46
57            android:exported="true"
57-->[com.google.firebase:firebase-auth:21.0.1] AndroidManifest.xml:30:13-36
58            android:launchMode="singleTask"
58-->[com.google.firebase:firebase-auth:21.0.1] AndroidManifest.xml:31:13-44
59            android:theme="@android:style/Theme.Translucent.NoTitleBar" >
59-->[com.google.firebase:firebase-auth:21.0.1] AndroidManifest.xml:32:13-72
60            <intent-filter>
60-->[com.google.firebase:firebase-auth:21.0.1] AndroidManifest.xml:33:13-43:29
61                <action android:name="android.intent.action.VIEW" />
61-->[com.google.firebase:firebase-auth:21.0.1] AndroidManifest.xml:34:17-69
61-->[com.google.firebase:firebase-auth:21.0.1] AndroidManifest.xml:34:25-66
62
63                <category android:name="android.intent.category.DEFAULT" />
63-->[com.google.firebase:firebase-auth:21.0.1] AndroidManifest.xml:36:17-76
63-->[com.google.firebase:firebase-auth:21.0.1] AndroidManifest.xml:36:27-73
64                <category android:name="android.intent.category.BROWSABLE" />
64-->[com.google.firebase:firebase-auth:21.0.1] AndroidManifest.xml:37:17-78
64-->[com.google.firebase:firebase-auth:21.0.1] AndroidManifest.xml:37:27-75
65
66                <data
66-->[com.google.firebase:firebase-auth:21.0.1] AndroidManifest.xml:39:17-42:51
67                    android:host="firebase.auth"
67-->[com.google.firebase:firebase-auth:21.0.1] AndroidManifest.xml:40:21-49
68                    android:path="/"
68-->[com.google.firebase:firebase-auth:21.0.1] AndroidManifest.xml:41:21-37
69                    android:scheme="genericidp" />
69-->[com.google.firebase:firebase-auth:21.0.1] AndroidManifest.xml:42:21-48
70            </intent-filter>
71        </activity>
72        <activity
72-->[com.google.firebase:firebase-auth:21.0.1] AndroidManifest.xml:45:9-62:20
73            android:name="com.google.firebase.auth.internal.RecaptchaActivity"
73-->[com.google.firebase:firebase-auth:21.0.1] AndroidManifest.xml:46:13-79
74            android:excludeFromRecents="true"
74-->[com.google.firebase:firebase-auth:21.0.1] AndroidManifest.xml:47:13-46
75            android:exported="true"
75-->[com.google.firebase:firebase-auth:21.0.1] AndroidManifest.xml:48:13-36
76            android:launchMode="singleTask"
76-->[com.google.firebase:firebase-auth:21.0.1] AndroidManifest.xml:49:13-44
77            android:theme="@android:style/Theme.Translucent.NoTitleBar" >
77-->[com.google.firebase:firebase-auth:21.0.1] AndroidManifest.xml:50:13-72
78            <intent-filter>
78-->[com.google.firebase:firebase-auth:21.0.1] AndroidManifest.xml:51:13-61:29
79                <action android:name="android.intent.action.VIEW" />
79-->[com.google.firebase:firebase-auth:21.0.1] AndroidManifest.xml:34:17-69
79-->[com.google.firebase:firebase-auth:21.0.1] AndroidManifest.xml:34:25-66
80
81                <category android:name="android.intent.category.DEFAULT" />
81-->[com.google.firebase:firebase-auth:21.0.1] AndroidManifest.xml:36:17-76
81-->[com.google.firebase:firebase-auth:21.0.1] AndroidManifest.xml:36:27-73
82                <category android:name="android.intent.category.BROWSABLE" />
82-->[com.google.firebase:firebase-auth:21.0.1] AndroidManifest.xml:37:17-78
82-->[com.google.firebase:firebase-auth:21.0.1] AndroidManifest.xml:37:27-75
83
84                <data
84-->[com.google.firebase:firebase-auth:21.0.1] AndroidManifest.xml:39:17-42:51
85                    android:host="firebase.auth"
85-->[com.google.firebase:firebase-auth:21.0.1] AndroidManifest.xml:40:21-49
86                    android:path="/"
86-->[com.google.firebase:firebase-auth:21.0.1] AndroidManifest.xml:41:21-37
87                    android:scheme="recaptcha" />
87-->[com.google.firebase:firebase-auth:21.0.1] AndroidManifest.xml:42:21-48
88            </intent-filter>
89        </activity>
90
91        <service
91-->[com.google.firebase:firebase-auth:21.0.1] AndroidManifest.xml:64:9-73:19
92            android:name="com.google.firebase.auth.api.fallback.service.FirebaseAuthFallbackService"
92-->[com.google.firebase:firebase-auth:21.0.1] AndroidManifest.xml:65:13-101
93            android:enabled="true"
93-->[com.google.firebase:firebase-auth:21.0.1] AndroidManifest.xml:66:13-35
94            android:exported="false" >
94-->[com.google.firebase:firebase-auth:21.0.1] AndroidManifest.xml:67:13-37
95            <intent-filter>
95-->[com.google.firebase:firebase-auth:21.0.1] AndroidManifest.xml:68:13-72:29
96                <action android:name="com.google.firebase.auth.api.gms.service.START" />
96-->[com.google.firebase:firebase-auth:21.0.1] AndroidManifest.xml:69:17-89
96-->[com.google.firebase:firebase-auth:21.0.1] AndroidManifest.xml:69:25-86
97
98                <category android:name="android.intent.category.DEFAULT" />
98-->[com.google.firebase:firebase-auth:21.0.1] AndroidManifest.xml:36:17-76
98-->[com.google.firebase:firebase-auth:21.0.1] AndroidManifest.xml:36:27-73
99            </intent-filter>
100        </service>
101        <service
101-->[com.google.firebase:firebase-auth:21.0.1] AndroidManifest.xml:74:9-80:19
102            android:name="com.google.firebase.components.ComponentDiscoveryService"
102-->[com.google.firebase:firebase-auth:21.0.1] AndroidManifest.xml:75:13-84
103            android:directBootAware="true"
103-->[com.google.firebase:firebase-common:20.0.0] AndroidManifest.xml:35:13-43
104            android:exported="false" >
104-->[com.google.firebase:firebase-auth:21.0.1] AndroidManifest.xml:76:13-37
105            <meta-data
105-->[com.google.firebase:firebase-auth:21.0.1] AndroidManifest.xml:77:13-79:85
106                android:name="com.google.firebase.components:com.google.firebase.auth.FirebaseAuthRegistrar"
106-->[com.google.firebase:firebase-auth:21.0.1] AndroidManifest.xml:78:17-109
107                android:value="com.google.firebase.components.ComponentRegistrar" />
107-->[com.google.firebase:firebase-auth:21.0.1] AndroidManifest.xml:79:17-82
108            <meta-data
108-->[com.google.firebase:firebase-firestore:24.0.1] AndroidManifest.xml:20:13-22:85
109                android:name="com.google.firebase.components:com.google.firebase.firestore.FirestoreRegistrar"
109-->[com.google.firebase:firebase-firestore:24.0.1] AndroidManifest.xml:21:17-111
110                android:value="com.google.firebase.components.ComponentRegistrar" />
110-->[com.google.firebase:firebase-firestore:24.0.1] AndroidManifest.xml:22:17-82
111        </service>
112
113        <activity
113-->[com.google.android.gms:play-services-base:17.1.0] AndroidManifest.xml:23:9-26:75
114            android:name="com.google.android.gms.common.api.GoogleApiActivity"
114-->[com.google.android.gms:play-services-base:17.1.0] AndroidManifest.xml:24:13-79
115            android:exported="false"
115-->[com.google.android.gms:play-services-base:17.1.0] AndroidManifest.xml:25:13-37
116            android:theme="@android:style/Theme.Translucent.NoTitleBar" />
116-->[com.google.android.gms:play-services-base:17.1.0] AndroidManifest.xml:26:13-72
117
118        <provider
118-->[com.google.firebase:firebase-common:20.0.0] AndroidManifest.xml:26:9-31:39
119            android:name="com.google.firebase.provider.FirebaseInitProvider"
119-->[com.google.firebase:firebase-common:20.0.0] AndroidManifest.xml:27:13-77
120            android:authorities="com.example.diaryapp.firebaseinitprovider"
120-->[com.google.firebase:firebase-common:20.0.0] AndroidManifest.xml:28:13-72
121            android:directBootAware="true"
121-->[com.google.firebase:firebase-common:20.0.0] AndroidManifest.xml:29:13-43
122            android:exported="false"
122-->[com.google.firebase:firebase-common:20.0.0] AndroidManifest.xml:30:13-37
123            android:initOrder="100" />
123-->[com.google.firebase:firebase-common:20.0.0] AndroidManifest.xml:31:13-36
124
125        <meta-data
125-->[com.google.android.gms:play-services-basement:17.1.0] AndroidManifest.xml:23:9-25:69
126            android:name="com.google.android.gms.version"
126-->[com.google.android.gms:play-services-basement:17.1.0] AndroidManifest.xml:24:13-58
127            android:value="@integer/google_play_services_version" />
127-->[com.google.android.gms:play-services-basement:17.1.0] AndroidManifest.xml:25:13-66
128
129        <provider
129-->[androidx.emoji2:emoji2:1.0.0] AndroidManifest.xml:26:9-34:20
130            android:name="androidx.startup.InitializationProvider"
130-->[androidx.emoji2:emoji2:1.0.0] AndroidManifest.xml:27:13-67
131            android:authorities="com.example.diaryapp.androidx-startup"
131-->[androidx.emoji2:emoji2:1.0.0] AndroidManifest.xml:28:13-68
132            android:exported="false" >
132-->[androidx.emoji2:emoji2:1.0.0] AndroidManifest.xml:29:13-37
133            <meta-data
133-->[androidx.emoji2:emoji2:1.0.0] AndroidManifest.xml:31:13-33:52
134                android:name="androidx.emoji2.text.EmojiCompatInitializer"
134-->[androidx.emoji2:emoji2:1.0.0] AndroidManifest.xml:32:17-75
135                android:value="androidx.startup" />
135-->[androidx.emoji2:emoji2:1.0.0] AndroidManifest.xml:33:17-49
136            <meta-data
136-->[androidx.lifecycle:lifecycle-process:2.4.0] AndroidManifest.xml:31:13-33:52
137                android:name="androidx.lifecycle.ProcessLifecycleInitializer"
137-->[androidx.lifecycle:lifecycle-process:2.4.0] AndroidManifest.xml:32:17-78
138                android:value="androidx.startup" />
138-->[androidx.lifecycle:lifecycle-process:2.4.0] AndroidManifest.xml:33:17-49
139        </provider>
140    </application>
141
142</manifest>